<!DOCTYPE suite SYSTEM "http://testng.org/testng-1.0.dtd" >
<suite name="Parallel tests" parallel="tests" thread-count="2" >
  <test name="Test One">
    <parameter name="test-name" value="Test One"/>
    <classes>
      <class name="test.parallelism.SampleTestSuite" />
    </classes>
  </test>
  <test name="Test Two">
    <parameter name="test-name" value="Test Two"/>
    <classes>
      <class name="test.parallelism.SampleTestSuite" />
    </classes>
  </test>
</suite>

