<?xml version="1.0" encoding="UTF-8"?>
<!-- Generated by org.testng.reporters.JUnitReportReporter -->
<testsuite skipped="0" hostname="DESKTOP-FPTOSRP" name="test.firstpackage.FirstTestClass" tests="2" failures="0" timestamp="30 七月 2017 03:27:36 GMT" time="0.013" errors="0">
  <testcase name="secondTest" time="0.005" classname="test.firstpackage.FirstTestClass"/>
  <testcase name="firstTest" time="0.008" classname="test.firstpackage.FirstTestClass"/>
</testsuite> <!-- test.firstpackage.FirstTestClass -->
