<?xml version="1.0" encoding="UTF-8"?>
<!-- Generated by org.testng.reporters.JUnitReportReporter -->
<testsuite skipped="0" hostname="DESKTOP-FPTOSRP" name="test.thirdpackage.FirstTestClass" tests="2" failures="0" timestamp="30 七月 2017 03:27:36 GMT" time="0.002" errors="0">
  <testcase name="secondTest" time="0.001" classname="test.thirdpackage.FirstTestClass"/>
  <testcase name="firstTest" time="0.001" classname="test.thirdpackage.FirstTestClass"/>
</testsuite> <!-- test.thirdpackage.FirstTestClass -->
