<?xml version="1.0" encoding="UTF-8"?>
<!-- Generated by org.testng.reporters.JUnitReportReporter -->
<testsuite skipped="0" hostname="DESKTOP-FPTOSRP" name="test.regularexppackage.RegularExpClass" tests="4" failures="0" timestamp="05 八月 2017 07:45:05 GMT" time="0.015" errors="0">
  <testcase name="excludeTestSecond" time="0.002" classname="test.regularexppackage.RegularExpClass"/>
  <testcase name="includeTestFirst" time="0.002" classname="test.regularexppackage.RegularExpClass"/>
  <testcase name="includeTestSecond" time="0.002" classname="test.regularexppackage.RegularExpClass"/>
  <testcase name="excludeTestFirst" time="0.009" classname="test.regularexppackage.RegularExpClass"/>
</testsuite> <!-- test.regularexppackage.RegularExpClass -->
