<?xml version="1.0" encoding="UTF-8"?>
<!-- Generated by org.testng.reporters.JUnitReportReporter -->
<testsuite skipped="0" hostname="DESKTOP-FPTOSRP" name="test.beforeafter.TestClass" tests="2" failures="0" timestamp="03 八月 2017 15:29:11 GMT" time="0.005" errors="0">
  <testcase name="testTwoMethod" time="0.001" classname="test.beforeafter.TestClass"/>
  <testcase name="testOneMethod" time="0.004" classname="test.beforeafter.TestClass"/>
</testsuite> <!-- test.beforeafter.TestClass -->
