<?xml version="1.0" encoding="UTF-8"?>
<!-- Generated by org.testng.reporters.JUnitReportReporter -->
<testsuite skipped="1" hostname="DESKTOP-FPTOSRP" name="test.DisableTestClass" tests="3" failures="0" timestamp="05 八月 2017 07:54:09 GMT" time="0.011" errors="0">
  <testcase name="testMethodOne" time="0.009" classname="test.DisableTestClass"/>
  <testcase name="testMethodThree" time="0.002" classname="test.DisableTestClass"/>
  <testcase name="testMethodTwo" classname="test.DisableTestClass">
    <skipped/>
  </testcase> <!-- testMethodTwo -->
</testsuite> <!-- test.DisableTestClass -->
