<?xml version="1.0" encoding="UTF-8"?>
<!-- Generated by org.testng.reporters.JUnitReportReporter -->
<testsuite skipped="0" hostname="DESKTOP-FPTOSRP" name="test.TestClass" tests="2" failures="0" timestamp="05 八月 2017 07:48:43 GMT" time="0.010" errors="0">
  <testcase name="testMethodTwo" time="0.002" classname="test.TestClass"/>
  <testcase name="testMethodOne" time="0.008" classname="test.TestClass"/>
</testsuite> <!-- test.TestClass -->
